This is pdfTeXk, Version 3.14159-1.10b (Web2C 7.4.5) (format=pdflatex 2006.1.9)  24 AUG 2007 10:42
 file:line:error style messages enabled.
**\nonstopmode \input /afs/umich.edu/user/b/b/bbh/Private/projects/fmpackage/tr
unk/v03/optmatch/inst/doc/optmatch.tex

(/afs/umich.edu/user/b/b/bbh/Private/projects/fmpackage/trunk/v03/optmatch/inst
/doc/optmatch.tex (/usr/share/texmf/tex/latex/base/article.cls
Document Class: article 2001/04/21 v1.4e Standard LaTeX document class
(/usr/share/texmf/tex/latex/base/size12.clo
File: size12.clo 2001/04/21 v1.4e Standard LaTeX file (size option)
)
\c@part=\count79
\c@section=\count80
\c@subsection=\count81
\c@subsubsection=\count82
\c@paragraph=\count83
\c@subparagraph=\count84
\c@figure=\count85
\c@table=\count86
\abovecaptionskip=\skip41
\belowcaptionskip=\skip42
\bibindent=\dimen102
)
(/usr/share/texmf/tex/generic/babel/babel.sty
Package: babel 2001/03/01 v3.7h The Babel package

(/usr/share/texmf/tex/generic/babel/portuges.ldf
Language: portuges 2001/02/16 v1.2o Portuguese support from the babel system

(/usr/share/texmf/tex/generic/babel/babel.def
File: babel.def 2001/03/01 v3.7h Babel common definitions
\babel@savecnt=\count87
\U@D=\dimen103
)

Package babel Warning: No hyphenation patterns were loaded for
(babel)                the language `Portuguese'
(babel)                I will use the patterns loaded for \language=0 instead.

\l@portuges = a dialect from \language0
Package babel Info: Making " an active character on input line 126.
) (/usr/share/texmf/tex/generic/babel/frenchb.ldf
Language: french 2001/09/09 v1.5g French support from the babel system
Package babel Info: Making : an active character on input line 199.
Package babel Info: Making ; an active character on input line 200.
Package babel Info: Making ! an active character on input line 201.
Package babel Info: Making ? an active character on input line 202.

*************************************
* Local config file frenchb.cfg used
*
(/usr/share/texmf/tex/generic/babel/frenchb.cfg))
(/usr/share/texmf/tex/generic/babel/polish.ldf
Language: polish 2001/01/30 v1.2j Polish support from the babel system


Package babel Warning: No hyphenation patterns were loaded for
(babel)                the language `Polish'
(babel)                I will use the patterns loaded for \language=0 instead.

\l@polish = a dialect from \language0
\pl@left=\dimen104
\pl@down=\dimen105
\pl@right=\dimen106
\pl@temp=\dimen107
) (/usr/share/texmf/tex/generic/babel/ngermanb.ldf
Language: ngermanb 2001/02/06 v2.6m new German support from the babel system
\l@naustrian = a dialect from \language\l@ngerman 
)
(/usr/share/texmf/tex/generic/babel/english.ldf
Language: english 2001/04/15 v3.3l English support from the babel system
\l@canadian = a dialect from \language\l@english 
))
(/usr/share/texmf/tex/latex/graphics/color.sty
Package: color 1999/02/16 v1.0i Standard LaTeX Color (DPC)

(/usr/share/texmf/tex/latex/config/color.cfg
File: color.cfg 2001/08/31 v1.1 color configuration of teTeX/TeXLive
)
Package color Info: Driver file: pdftex.def on input line 125.

(/usr/share/texmf/tex/latex/graphics/pdftex.def
File: pdftex.def 2002/06/19 v0.03k graphics/color for pdftex
\Gread@gobject=\count88
))
(/usr/share/texmf/tex/latex/tools/calc.sty
Package: calc 1998/07/07 v4.1b Infix arithmetic (KKT,FJ)
\calc@Acount=\count89
\calc@Bcount=\count90
\calc@Adimen=\dimen108
\calc@Bdimen=\dimen109
\calc@Askip=\skip43
\calc@Bskip=\skip44
LaTeX Info: Redefining \setlength on input line 59.
LaTeX Info: Redefining \addtolength on input line 60.
\calc@denominator=\count91
)
(/usr/share/texmf/tex/latex/tools/longtable.sty
Package: longtable 2000/10/22 v4.10 Multi-page Table package (DPC)
\LTleft=\skip45
\LTright=\skip46
\LTpre=\skip47
\LTpost=\skip48
\LTchunksize=\count92
\LTcapwidth=\dimen110
\LT@head=\box26
\LT@firsthead=\box27
\LT@foot=\box28
\LT@lastfoot=\box29
\LT@cols=\count93
\LT@rows=\count94
\c@LT@tables=\count95
\c@LT@chunks=\count96
\LT@p@ftn=\toks14
)
(/usr/share/texmf/tex/latex/hyperref/hyperref.sty
Package: hyperref 2003/01/22 v6.73n Hypertext links for LaTeX

(/usr/share/texmf/tex/latex/graphics/keyval.sty
Package: keyval 1999/03/16 v1.13 key=value parser (DPC)
\KV@toks@=\toks15
)
\@linkdim=\dimen111
\Hy@linkcounter=\count97
\Hy@pagecounter=\count98

(/usr/share/texmf/tex/latex/hyperref/pd1enc.def
File: pd1enc.def 2003/01/22 v6.73n Hyperref: PDFDocEncoding definition (HO)
)
(/usr/share/texmf/tex/latex/config/hyperref.cfg
File: hyperref.cfg 2002/06/06 v1.2 hyperref configuration of TeXLive and teTeX
)
Package hyperref Info: Hyper figures OFF on input line 1792.
Package hyperref Info: Link nesting OFF on input line 1797.
Package hyperref Info: Hyper index ON on input line 1800.
Package hyperref Info: Plain pages ON on input line 1805.
Package hyperref Info: Backreferencing OFF on input line 1812.

Implicit mode ON; LaTeX internals redefined
Package hyperref Info: Bookmarks ON on input line 1916.
(/usr/share/texmf/tex/latex/html/url.sty
Package: url 1999/03/02  ver 1.4  Verb mode for urls, email addresses, and file
 names
)
LaTeX Info: Redefining \url on input line 2055.
\Fld@menulength=\count99
\Field@Width=\dimen112
\Fld@charsize=\dimen113
\Choice@toks=\toks16
\Field@toks=\toks17
Package hyperref Info: Hyper figures OFF on input line 2513.
Package hyperref Info: Link nesting OFF on input line 2518.
Package hyperref Info: Hyper index ON on input line 2521.
Package hyperref Info: backreferencing OFF on input line 2528.
Package hyperref Info: Link coloring OFF on input line 2533.
\c@Item=\count100
\c@Hfootnote=\count101
)
*hyperref using default driver hpdftex*
(/usr/share/texmf/tex/latex/hyperref/hpdftex.def
File: hpdftex.def 2003/01/22 v6.73n Hyperref driver for pdfTeX

(/usr/share/texmf/tex/latex/psnfss/pifont.sty
Package: pifont 2002/09/08 PSNFSS-v9.0a Pi font support (SPQR) 
LaTeX Font Info:    Try loading font information for U+pzd on input line 62.

(/usr/share/texmf/tex/latex/psnfss/upzd.fd
File: upzd.fd 2001/06/04 font definitions for U/pzd.
)
LaTeX Font Info:    Try loading font information for U+psy on input line 63.

(/usr/share/texmf/tex/latex/psnfss/upsy.fd
File: upsy.fd 2001/06/04 font definitions for U/psy.
))
\Fld@listcount=\count102
\@outlinefile=\write3
)
Package hyperref Info: Option `colorlinks' set `true' on input line 15.

(/usr/share/texmf/tex/latex/graphics/graphicx.sty
Package: graphicx 1999/02/16 v1.0f Enhanced LaTeX Graphics (DPC,SPQR)

(/usr/share/texmf/tex/latex/graphics/graphics.sty
Package: graphics 2001/07/07 v1.0n Standard LaTeX Graphics (DPC,SPQR)

(/usr/share/texmf/tex/latex/graphics/trig.sty
Package: trig 1999/03/16 v1.09 sin cos tan (DPC)
)
(/usr/share/texmf/tex/latex/config/graphics.cfg
File: graphics.cfg 2001/08/31 v1.1 graphics configuration of teTeX/TeXLive
)
Package graphics Info: Driver file: pdftex.def on input line 80.
)
\Gin@req@height=\dimen114
\Gin@req@width=\dimen115
)
(/usr/share/texmf/tex/latex/natbib/natbib.sty
Package: natbib 2000/07/24 7.0a (PWD)
\bibhang=\skip49
\bibsep=\skip50
LaTeX Info: Redefining \cite on input line 508.
\c@NAT@ctr=\count103
)
(/usr/lib/R/share/texmf/Sweave.sty

LaTeX Warning: You have requested package `/usr/lib/R/share/texmf/Sweave',
               but the package provides `Sweave'.

Package: Sweave 
(/usr/share/texmf/tex/latex/base/ifthen.sty
Package: ifthen 2001/05/26 v1.1c Standard LaTeX ifthen package (DPC)
)
(/usr/share/texmf/tex/latex/fancyvrb/fancyvrb.sty
Package: fancyvrb 2000/03/21

Style option: `fancyvrb' v2.7, with DG/SPQR fixes <2000/03/21> (tvz)
\FV@CodeLineNo=\count104
\FV@InFile=\read1
\FV@TabBox=\box30
\c@FancyVerbLine=\count105
\FV@StepNumber=\count106
\FV@OutFile=\write4
)
(/usr/lib/R/share/texmf/upquote.sty
Package: upquote 2003/08/11 v1.1 Covington's upright-quote modification to verb
atim and verb

(/usr/share/texmf/tex/latex/base/textcomp.sty
Package: textcomp 2001/06/05 v1.94 Standard LaTeX package

(/usr/share/texmf/tex/latex/base/ts1enc.def
File: ts1enc.def 2001/06/05 v3.0e (jk/car/fm) Standard LaTeX file
)))
(/usr/share/texmf/tex/latex/base/fontenc.sty
Package: fontenc 2001/06/05 v1.94 Standard LaTeX package

(/usr/share/texmf/tex/latex/base/t1enc.def
File: t1enc.def 2001/06/05 v1.94 Standard LaTeX file
LaTeX Font Info:    Redeclaring font encoding T1 on input line 38.
))
(/usr/share/texmf/tex/latex/ae/ae.sty
Package: ae 2001/02/12 1.3 Almost European Computer Modern

(/usr/share/texmf/tex/latex/base/fontenc.sty
Package: fontenc 2001/06/05 v1.94 Standard LaTeX package

(/usr/share/texmf/tex/latex/base/t1enc.def
File: t1enc.def 2001/06/05 v1.94 Standard LaTeX file
LaTeX Font Info:    Redeclaring font encoding T1 on input line 38.
)
LaTeX Font Info:    Try loading font information for T1+aer on input line 95.

(/usr/share/texmf/tex/latex/ae/t1aer.fd
File: t1aer.fd 1997/11/16 Font definitions for T1/aer.
)))) (./optmatch.aux)
\openout1 = `optmatch.aux'.

LaTeX Font Info:    Checking defaults for OML/cmm/m/it on input line 38.
LaTeX Font Info:    ... okay on input line 38.
LaTeX Font Info:    Checking defaults for T1/cmr/m/n on input line 38.
LaTeX Font Info:    ... okay on input line 38.
LaTeX Font Info:    Checking defaults for OT1/cmr/m/n on input line 38.
LaTeX Font Info:    ... okay on input line 38.
LaTeX Font Info:    Checking defaults for OMS/cmsy/m/n on input line 38.
LaTeX Font Info:    ... okay on input line 38.
LaTeX Font Info:    Checking defaults for OMX/cmex/m/n on input line 38.
LaTeX Font Info:    ... okay on input line 38.
LaTeX Font Info:    Checking defaults for U/cmr/m/n on input line 38.
LaTeX Font Info:    ... okay on input line 38.
LaTeX Font Info:    Checking defaults for OT2/wncyr/m/n on input line 38.
LaTeX Font Info:    Try loading font information for OT2+wncyr on input line 38
.

(/usr/share/texmf/tex/latex/cyrillic/ot2wncyr.fd
File: ot2wncyr.fd 1999/12/17 v3.2a Computer Modern Cyrillic font definitions
)
LaTeX Font Info:    ... okay on input line 38.
LaTeX Font Info:    Checking defaults for PD1/pdf/m/n on input line 38.
LaTeX Font Info:    ... okay on input line 38.
LaTeX Font Info:    Checking defaults for TS1/cmr/m/n on input line 38.
LaTeX Font Info:    Try loading font information for TS1+cmr on input line 38.

(/usr/share/texmf/tex/latex/base/ts1cmr.fd
File: ts1cmr.fd 1999/05/25 v2.5h Standard LaTeX font definitions
)
LaTeX Font Info:    ... okay on input line 38.
LaTeX Info: Redefining \dots on input line 38.

(/usr/share/texmf/tex/context/base/supp-pdf.tex
(/usr/share/texmf/tex/context/base/supp-mis.tex
loading : Context Support Macros / Missing
\protectiondepth=\count107
\scratchcounter=\count108
\scratchtoks=\toks18
\scratchdimen=\dimen116
\scratchskip=\skip51
\scratchmuskip=\muskip10
\scratchbox=\box31
\scratchread=\read2
\scratchwrite=\write5
\zeropoint=\dimen117
\minusone=\count109
\thousandpoint=\dimen118
\emptytoks=\toks19
\nextbox=\box32
\nextdepth=\dimen119
\everyline=\toks20
\!!counta=\count110
\!!countb=\count111
\recursecounter=\count112
)
loading : Context Support Macros / PDF
\nofMPsegments=\count113
\nofMParguments=\count114
\everyMPtoPDFconversion=\toks21
)
Package hyperref Info: Link coloring ON on input line 38.
 (/usr/share/texmf/tex/latex/hyperref/nameref.sty
Package: nameref 2001/01/27 v2.19 Cross-referencing by name of section
\c@section@level=\count115
)
LaTeX Info: Redefining \ref on input line 38.
LaTeX Info: Redefining \pageref on input line 38.
 (./optmatch.out)
(./optmatch.out)
\openout3 = `optmatch.out'.

LaTeX Font Info:    Try loading font information for T1+aett on input line 41.
 (/usr/share/texmf/tex/latex/ae/t1aett.fd
File: t1aett.fd 1997/11/16 Font definitions for T1/aett.
)
LaTeX Font Info:    External font `cmex10' loaded for size
(Font)              <14.4> on input line 41.
LaTeX Font Info:    External font `cmex10' loaded for size
(Font)              <7> on input line 41.

Underfull \vbox (badness 10000) detected at line 113
 []


Underfull \vbox (badness 10000) has occurred while \output is active []

 [1

{/usr/share/texmf/dvips/config/pdftex.map}]
LaTeX Font Info:    External font `cmex10' loaded for size
(Font)              <12> on input line 142.
LaTeX Font Info:    External font `cmex10' loaded for size
(Font)              <8> on input line 142.
LaTeX Font Info:    External font `cmex10' loaded for size
(Font)              <6> on input line 142.
LaTeX Font Info:    Try loading font information for TS1+aett on input line 196
.
 (/usr/lib/R/share/texmf/ts1aett.fd
File: ts1aett.fd 
)
LaTeX Font Info:    Try loading font information for TS1+cmtt on input line 196
.

(/usr/share/texmf/tex/latex/base/ts1cmtt.fd
File: ts1cmtt.fd 1999/05/25 v2.5h Standard LaTeX font definitions
)
LaTeX Font Info:    Font shape `TS1/aett/m/n' in size <12> not available
(Font)              Font shape `TS1/cmtt/m/n' tried instead on input line 196.
 [2]
Overfull \hbox (52.76927pt too wide) in paragraph at lines 262--263
[] /aett12/full-match(distance, sub-class.indices = NULL, min.controls = 0, max
.controls
 []


LaTeX Font Warning: Font shape `T1/aett/bx/n' undefined
(Font)              using `T1/aett/m/n' instead on input line 274.


Overfull \hbox (13.92352pt too wide) in paragraph at lines 274--282
[]/aett12/A ma-trix of non-neg-a-tive dis-crep-an-cies, each in-di-cat-ing the 
per-
 []


Overfull \hbox (2.83961pt too wide) in paragraph at lines 274--282
/aett12/mis-si-bil-ity and de-sir-abil-ity of match-ing the unit cor-re-spond-i
ng to
 []


Overfull \hbox (2.83961pt too wide) in paragraph at lines 274--282
/aett12/its row (a 'treat-ment') to the unit cor-re-spond-ing to its col-umn (a

 []


Overfull \hbox (2.83961pt too wide) in paragraph at lines 274--282
/aett12/'con-trol'); or a list of such ma-tri-ces.  Fi-nite dis-crep-an-cies in
-
 []


Overfull \hbox (27.51143pt too wide) in paragraph at lines 274--282
/aett12/di-cate per-mis-si-ble matches, with smaller dis-crep-an-cies in-di-cat
-ing more
 []


Overfull \hbox (27.51143pt too wide) in paragraph at lines 274--282
/aett12/de-sir-able matches. Ma-trix 'dis-tance', or the ma-trix el-e-ments of 
'dis-
 []


Underfull \hbox (badness 10000) in paragraph at lines 330--333
/aett10/date is date of con-struc-tion, in
 []


Underfull \hbox (badness 10000) in paragraph at lines 330--333
/aett10/years af-ter 1965; ca-pac-ity is net
 []


Underfull \hbox (badness 10000) in paragraph at lines 330--333
/aett10/ca-pac-ity of the power plant, in
 []

LaTeX Font Info:    External font `cmex10' loaded for size
(Font)              <5> on input line 340.

Underfull \vbox (badness 2469) has occurred while \output is active []

 [3]
Underfull \hbox (badness 10000) in paragraph at lines 405--409
/aett10/Here, date is /aeitt10/rank of /aett10/date of
 []


Underfull \hbox (badness 10000) in paragraph at lines 405--409
/aett10/con-struc-tion, in years af-ter
 []


Underfull \hbox (badness 10000) in paragraph at lines 405--409
/aett10/1965, and ca-pac-ity is /aeitt10/rank of
 []


Underfull \hbox (badness 10000) in paragraph at lines 405--409
/aett10/net ca-pac-ity of the power plant,
 []


Underfull \vbox (badness 10000) has occurred while \output is active []

 [4]
[5] [6]
Overfull \hbox (5.43257pt too wide) in paragraph at lines 586--587
/aer12/tance /aett12/plant-dist /aer12/us-ing /aett12/makedist, /aer12/or /aett
12/ma-hal.dist /aer12/or /aett12/pscore.dist, /aer12/then you may
 []


Overfull \hbox (1.58762pt too wide) in paragraph at lines 609--615
[]/aett12/The min-i-mum ra-tio of con-trols to treat-ments that is to be
 []


Overfull \hbox (2.83961pt too wide) in paragraph at lines 609--615
/aett12/per-mit-ted within a matched set: should be non-neg-a-tive and fi-nite.

 []


Overfull \hbox (21.34348pt too wide) in paragraph at lines 609--615
/aett12/If min.controls is not a whole num-ber, the re-cip-ro-cal of a whole nu
m-
 []


Overfull \hbox (15.17552pt too wide) in paragraph at lines 609--615
/aett12/ber, or zero, then it is rounded down to the near-est whole num-ber or
 []


Overfull \hbox (7.75557pt too wide) in paragraph at lines 616--622
[]/aett12/The max-i-mum ra-tio of con-trols to treat-ments that is to be
 []


Overfull \hbox (15.17552pt too wide) in paragraph at lines 616--622
/aett12/per-mit-ted within a matched set: should be pos-i-tive and nu-meric. If

 []


Overfull \hbox (2.83961pt too wide) in paragraph at lines 616--622
/aett12/max.controls is not a whole num-ber, the re-cip-ro-cal of a whole num-
 []


Overfull \hbox (21.34348pt too wide) in paragraph at lines 616--622
/aett12/ber, or Inf, then it is rounded up to the near-est whole num-ber or re-

 []

[7] [8] [9] [10] [11] [12] (./optmatch.aux)

LaTeX Font Warning: Some font shapes were not available, defaults substituted.

 )
(\end occurred inside a group at level 3) 
Here is how much of TeX's memory you used:
 4706 strings out of 95437
 63075 string characters out of 1188126
 121900 words of memory out of 1000001
 7580 multiletter control sequences out of 10000+50000
 30993 words of font info for 74 fonts, out of 500000 for 1000
 14 hyphenation exceptions out of 1000
 35i,8n,24p,844b,540s stack positions out of 1500i,500n,5000p,200000b,5000s
 108 PDF objects out of 300000
 20 named destinations out of 131072
 16 words of extra memory for PDF output out of 65536
{/usr/share/texmf/dvips/tetex/09fbbfac
.enc}</usr/share/texmf/fonts/type1/bluesky/cm/cmsltt10.pfb></usr/share/texmf/fo
nts/type1/bluesky/cm/cmtt10.pfb>{/usr/share/texmf/dvips/tetex/f7b6d320.enc}</us
r/share/texmf/fonts/type1/bluesky/cm/cmbx12.pfb> </var/lib/texmf/pk/ljfour/jkna
ppen/tc/tctt1200.600pk>{/usr/share/texmf/dvips/tetex/bbad153f.enc}</usr/share/t
exmf/fonts/type1/bluesky/cm/cmsy10.pfb>{/usr/share/texmf/dvips/tetex/aae443f0.e
nc}</usr/share/texmf/fonts/type1/bluesky/cm/cmmi12.pfb>{/usr/share/texmf/dvips/
tetex/b6a4d7c7.enc}</usr/share/texmf/fonts/type1/bluesky/cm/cmitt10.pfb>{/usr/s
hare/texmf/dvips/tetex/74afc74c.enc}</usr/share/texmf/fonts/type1/bluesky/cm/cm
ti12.pfb></usr/share/texmf/fonts/type1/bluesky/cm/cmr12.pfb></usr/share/texmf/f
onts/type1/bluesky/cm/cmtt12.pfb></usr/share/texmf/fonts/type1/bluesky/cm/cmr17
.pfb>
Output written on optmatch.pdf (12 pages, 123620 bytes).
